<?xml version="1.0" encoding="UTF-8"?>
<!-- Generated by org.testng.reporters.JUnitReportReporter -->
<testsuite hostname="DESKTOP-O77ULDB" failures="0" tests="2" name="testpack.TC04_Allproductaddtocart" time="46.315" errors="0" timestamp="2023-03-07T22:15:10 IST" skipped="0">
  <testcase classname="testpack.TC04_Allproductaddtocart" name="verifytitle" time="34.299"/>
  <system-out/>
  <testcase classname="testpack.TC04_Allproductaddtocart" name="validation4" time="12.016"/>
  <system-out/>
</testsuite> <!-- testpack.TC04_Allproductaddtocart -->
