<?xml version="1.0" encoding="UTF-8"?>
<!-- Generated by org.testng.reporters.JUnitReportReporter -->
<testsuite hostname="DESKTOP-O77ULDB" failures="0" tests="1" name="testpack.TC03_Addtocartfunctionality" time="12.634" errors="0" timestamp="2023-03-07T22:15:10 IST" skipped="0">
  <testcase classname="testpack.TC03_Addtocartfunctionality" name="validation3" time="12.634"/>
  <system-out/>
</testsuite> <!-- testpack.TC03_Addtocartfunctionality -->
