<?xml version="1.0" encoding="UTF-8"?>
<!-- Generated by org.testng.reporters.JUnitReportReporter -->
<testsuite hostname="DESKTOP-O77ULDB" failures="0" tests="1" name="testpack.TC02_Logoutfuctionality" time="12.339" errors="0" timestamp="2023-03-07T22:15:10 IST" skipped="0">
  <testcase classname="testpack.TC02_Logoutfuctionality" name="validation2" time="12.339"/>
  <system-out/>
</testsuite> <!-- testpack.TC02_Logoutfuctionality -->
